2017-04-12 07:37:37|INFO|start sentence producer VentilatorProcess
2017-04-12 07:37:37|INFO|Counting words in ./data/train_corpus/small.txt
2017-04-12 07:37:37|ERROR|worker_parser retry 0 time, Exception: Resource temporarily unavailable
2017-04-12 07:37:37|ERROR|worker_parser retry 0 time, Exception: Resource temporarily unavailable
2017-04-12 07:37:37|ERROR|worker_parser retry 0 time, Exception: Resource temporarily unavailable
2017-04-12 07:37:37|ERROR|worker_parser retry 0 time, Exception: Resource temporarily unavailable
2017-04-12 07:37:37|ERROR|worker_parser retry 0 time, Exception: Resource temporarily unavailable
2017-04-12 07:37:37|ERROR|worker_parser retry 0 time, Exception: Resource temporarily unavailable
2017-04-12 07:37:37|INFO|Begin build vocabulary
2017-04-12 07:37:37|ERROR|worker_parser retry 0 time, Exception: Resource temporarily unavailable
2017-04-12 07:37:37|ERROR|vocabulary_collector retry 0 time, Exception: Resource temporarily unavailable
2017-04-12 07:37:37|ERROR|worker_parser retry 0 time, Exception: Resource temporarily unavailable
2017-04-12 07:37:37|ERROR|worker_parser retry 0 time, Exception: Resource temporarily unavailable
2017-04-12 07:37:37|ERROR|worker_parser retry 0 time, Exception: Resource temporarily unavailable
2017-04-12 07:37:38|ERROR|worker_parser retry 1 time, Exception: Resource temporarily unavailable
2017-04-12 07:37:38|ERROR|worker_parser retry 1 time, Exception: Resource temporarily unavailable
2017-04-12 07:37:38|ERROR|worker_parser retry 1 time, Exception: Resource temporarily unavailable
2017-04-12 07:37:38|ERROR|worker_parser retry 1 time, Exception: Resource temporarily unavailable
2017-04-12 07:37:38|ERROR|worker_parser retry 1 time, Exception: Resource temporarily unavailable
2017-04-12 07:37:38|ERROR|worker_parser retry 1 time, Exception: Resource temporarily unavailable
2017-04-12 07:37:38|ERROR|vocabulary_collector retry 1 time, Exception: Resource temporarily unavailable
2017-04-12 07:37:38|ERROR|worker_parser retry 1 time, Exception: Resource temporarily unavailable
2017-04-12 07:37:38|ERROR|worker_parser retry 1 time, Exception: Resource temporarily unavailable
2017-04-12 07:37:38|ERROR|worker_parser retry 1 time, Exception: Resource temporarily unavailable
2017-04-12 07:37:39|ERROR|worker_parser retry 2 time, Exception: Resource temporarily unavailable
2017-04-12 07:37:39|ERROR|worker_parser retry 2 time, Exception: Resource temporarily unavailable
2017-04-12 07:37:39|ERROR|worker_parser retry 2 time, Exception: Resource temporarily unavailable
2017-04-12 07:37:39|ERROR|worker_parser retry 2 time, Exception: Resource temporarily unavailable
2017-04-12 07:37:39|ERROR|worker_parser retry 2 time, Exception: Resource temporarily unavailable
2017-04-12 07:37:39|ERROR|worker_parser retry 2 time, Exception: Resource temporarily unavailable
2017-04-12 07:37:39|ERROR|worker_parser retry 2 time, Exception: Resource temporarily unavailable
2017-04-12 07:37:39|ERROR|vocabulary_collector retry 2 time, Exception: Resource temporarily unavailable
2017-04-12 07:37:39|ERROR|worker_parser retry 2 time, Exception: Resource temporarily unavailable
2017-04-12 07:37:39|ERROR|worker_parser retry 2 time, Exception: Resource temporarily unavailable
2017-04-12 07:37:40|ERROR|worker_parser retry 3 time, Exception: Resource temporarily unavailable
2017-04-12 07:37:40|ERROR|worker_parser retry 3 time, Exception: Resource temporarily unavailable
2017-04-12 07:37:40|ERROR|worker_parser retry 3 time, Exception: Resource temporarily unavailable
2017-04-12 07:37:40|ERROR|worker_parser retry 3 time, Exception: Resource temporarily unavailable
2017-04-12 07:37:40|ERROR|worker_parser retry 3 time, Exception: Resource temporarily unavailable
2017-04-12 07:37:40|ERROR|worker_parser retry 3 time, Exception: Resource temporarily unavailable
2017-04-12 07:37:40|ERROR|worker_parser retry 3 time, Exception: Resource temporarily unavailable
2017-04-12 07:37:40|ERROR|worker_parser retry 3 time, Exception: Resource temporarily unavailable
2017-04-12 07:37:40|ERROR|vocabulary_collector retry 3 time, Exception: Resource temporarily unavailable
2017-04-12 07:37:40|ERROR|worker_parser retry 3 time, Exception: Resource temporarily unavailable
2017-04-12 07:37:40|ERROR|worker_parser retry 0 time, Exception: Resource temporarily unavailable
2017-04-12 07:37:41|ERROR|worker_parser retry 4 time, Exception: Resource temporarily unavailable
2017-04-12 07:37:41|ERROR|worker_parser retry 4 time, Exception: Resource temporarily unavailable
2017-04-12 07:37:41|ERROR|worker_parser retry 4 time, Exception: Resource temporarily unavailable
2017-04-12 07:37:41|ERROR|worker_parser retry 4 time, Exception: Resource temporarily unavailable
2017-04-12 07:37:41|ERROR|worker_parser retry 4 time, Exception: Resource temporarily unavailable
2017-04-12 07:37:41|ERROR|worker_parser retry 4 time, Exception: Resource temporarily unavailable
2017-04-12 07:37:41|ERROR|worker_parser retry 4 time, Exception: Resource temporarily unavailable
2017-04-12 07:37:41|ERROR|worker_parser retry 4 time, Exception: Resource temporarily unavailable
2017-04-12 07:37:41|ERROR|worker_parser retry 4 time, Exception: Resource temporarily unavailable
2017-04-12 07:37:41|ERROR|vocabulary_collector retry 0 time, Exception: Resource temporarily unavailable
2017-04-12 07:37:41|ERROR|worker_parser retry 1 time, Exception: Resource temporarily unavailable
2017-04-12 07:37:42|ERROR|worker_parser retry 5 time, Exception: Resource temporarily unavailable
2017-04-12 07:37:42|ERROR|worker_parser retry 5 time, Exception: Resource temporarily unavailable
2017-04-12 07:37:42|ERROR|worker_parser retry 5 time, Exception: Resource temporarily unavailable
2017-04-12 07:37:42|ERROR|worker_parser retry 5 time, Exception: Resource temporarily unavailable
2017-04-12 07:37:42|ERROR|worker_parser retry 5 time, Exception: Resource temporarily unavailable
2017-04-12 07:37:42|ERROR|worker_parser retry 5 time, Exception: Resource temporarily unavailable
2017-04-12 07:37:42|ERROR|worker_parser retry 5 time, Exception: Resource temporarily unavailable
2017-04-12 07:37:42|ERROR|worker_parser retry 5 time, Exception: Resource temporarily unavailable
2017-04-12 07:37:42|ERROR|worker_parser retry 5 time, Exception: Resource temporarily unavailable
2017-04-12 07:37:42|ERROR|vocabulary_collector retry 1 time, Exception: Resource temporarily unavailable
2017-04-12 07:37:42|ERROR|worker_parser retry 2 time, Exception: Resource temporarily unavailable
2017-04-12 07:37:43|ERROR|worker_parser retry 6 time, Exception: Resource temporarily unavailable
2017-04-12 07:37:43|ERROR|worker_parser retry 6 time, Exception: Resource temporarily unavailable
2017-04-12 07:37:43|ERROR|worker_parser retry 6 time, Exception: Resource temporarily unavailable
2017-04-12 07:37:43|ERROR|worker_parser retry 6 time, Exception: Resource temporarily unavailable
2017-04-12 07:37:43|ERROR|worker_parser retry 6 time, Exception: Resource temporarily unavailable
2017-04-12 07:37:43|ERROR|worker_parser retry 6 time, Exception: Resource temporarily unavailable
2017-04-12 07:37:43|ERROR|worker_parser retry 6 time, Exception: Resource temporarily unavailable
2017-04-12 07:37:43|ERROR|worker_parser retry 6 time, Exception: Resource temporarily unavailable
2017-04-12 07:37:43|ERROR|worker_parser retry 6 time, Exception: Resource temporarily unavailable
2017-04-12 07:37:43|ERROR|vocabulary_collector retry 2 time, Exception: Resource temporarily unavailable
2017-04-12 07:37:43|ERROR|worker_parser retry 3 time, Exception: Resource temporarily unavailable
2017-04-12 07:37:44|ERROR|worker_parser retry 7 time, Exception: Resource temporarily unavailable
2017-04-12 07:37:44|ERROR|worker_parser retry 7 time, Exception: Resource temporarily unavailable
2017-04-12 07:37:44|ERROR|worker_parser retry 7 time, Exception: Resource temporarily unavailable
2017-04-12 07:37:44|ERROR|worker_parser retry 7 time, Exception: Resource temporarily unavailable
2017-04-12 07:37:44|ERROR|worker_parser retry 7 time, Exception: Resource temporarily unavailable
2017-04-12 07:37:44|ERROR|worker_parser retry 7 time, Exception: Resource temporarily unavailable
2017-04-12 07:37:44|ERROR|worker_parser retry 7 time, Exception: Resource temporarily unavailable
2017-04-12 07:37:44|ERROR|worker_parser retry 7 time, Exception: Resource temporarily unavailable
2017-04-12 07:37:44|ERROR|worker_parser retry 7 time, Exception: Resource temporarily unavailable
2017-04-12 07:37:44|ERROR|vocabulary_collector retry 3 time, Exception: Resource temporarily unavailable
2017-04-12 07:37:44|ERROR|worker_parser retry 4 time, Exception: Resource temporarily unavailable
2017-04-12 07:37:45|ERROR|worker_parser retry 8 time, Exception: Resource temporarily unavailable
2017-04-12 07:37:45|ERROR|worker_parser retry 8 time, Exception: Resource temporarily unavailable
2017-04-12 07:37:45|ERROR|worker_parser retry 8 time, Exception: Resource temporarily unavailable
2017-04-12 07:37:45|ERROR|worker_parser retry 8 time, Exception: Resource temporarily unavailable
2017-04-12 07:37:45|ERROR|worker_parser retry 8 time, Exception: Resource temporarily unavailable
2017-04-12 07:37:45|ERROR|worker_parser retry 8 time, Exception: Resource temporarily unavailable
2017-04-12 07:37:45|ERROR|worker_parser retry 8 time, Exception: Resource temporarily unavailable
2017-04-12 07:37:45|ERROR|worker_parser retry 8 time, Exception: Resource temporarily unavailable
2017-04-12 07:37:45|ERROR|worker_parser retry 8 time, Exception: Resource temporarily unavailable
2017-04-12 07:37:45|ERROR|vocabulary_collector retry 4 time, Exception: Resource temporarily unavailable
2017-04-12 07:37:45|ERROR|worker_parser retry 5 time, Exception: Resource temporarily unavailable
2017-04-12 07:37:46|ERROR|worker_parser failed to retry definitely: Resource temporarily unavailable
2017-04-12 07:37:46|ERROR|worker_parser failed to retry definitely: Resource temporarily unavailable
2017-04-12 07:37:46|ERROR|worker_parser failed to retry definitely: Resource temporarily unavailable
2017-04-12 07:37:46|ERROR|Resource temporarily unavailable
2017-04-12 07:37:46|ERROR|Resource temporarily unavailable
2017-04-12 07:37:46|ERROR|Resource temporarily unavailable
2017-04-12 07:37:46|ERROR|worker_parser failed to retry definitely: Resource temporarily unavailable
2017-04-12 07:37:46|ERROR|worker_parser failed to retry definitely: Resource temporarily unavailable
2017-04-12 07:37:46|ERROR|Resource temporarily unavailable
2017-04-12 07:37:46|ERROR|Resource temporarily unavailable
2017-04-12 07:37:46|ERROR|worker_parser failed to retry definitely: Resource temporarily unavailable
2017-04-12 07:37:46|ERROR|Resource temporarily unavailable
2017-04-12 07:37:46|ERROR|worker_parser failed to retry definitely: Resource temporarily unavailable
2017-04-12 07:37:46|ERROR|Resource temporarily unavailable
2017-04-12 07:37:46|ERROR|worker_parser failed to retry definitely: Resource temporarily unavailable
2017-04-12 07:37:46|ERROR|Resource temporarily unavailable
2017-04-12 07:37:46|ERROR|worker_parser failed to retry definitely: Resource temporarily unavailable
2017-04-12 07:37:46|ERROR|Resource temporarily unavailable
2017-04-12 07:37:46|ERROR|vocabulary_collector retry 5 time, Exception: Resource temporarily unavailable
2017-04-12 07:37:46|ERROR|worker_parser retry 6 time, Exception: Resource temporarily unavailable
2017-04-12 07:37:47|ERROR|vocabulary_collector retry 6 time, Exception: Resource temporarily unavailable
2017-04-12 07:37:47|ERROR|worker_parser retry 7 time, Exception: Resource temporarily unavailable
2017-04-12 07:37:48|ERROR|vocabulary_collector retry 7 time, Exception: Resource temporarily unavailable
2017-04-12 07:37:48|ERROR|worker_parser retry 8 time, Exception: Resource temporarily unavailable
2017-04-12 07:37:49|ERROR|vocabulary_collector retry 8 time, Exception: Resource temporarily unavailable
2017-04-12 07:37:49|ERROR|worker_parser failed to retry definitely: Resource temporarily unavailable
2017-04-12 07:37:49|ERROR|Resource temporarily unavailable
2017-04-12 07:37:50|ERROR|vocabulary_collector retry 9 time, Exception: Resource temporarily unavailable
2017-04-12 07:37:51|ERROR|vocabulary_collector retry 10 time, Exception: Resource temporarily unavailable
2017-04-12 07:37:52|ERROR|vocabulary_collector retry 11 time, Exception: Resource temporarily unavailable
2017-04-12 07:37:53|ERROR|vocabulary_collector retry 12 time, Exception: Resource temporarily unavailable
2017-04-12 07:37:54|ERROR|vocabulary_collector retry 13 time, Exception: Resource temporarily unavailable
2017-04-12 07:37:55|ERROR|vocabulary_collector retry 14 time, Exception: Resource temporarily unavailable
2017-04-12 07:37:56|ERROR|vocabulary_collector retry 15 time, Exception: Resource temporarily unavailable
2017-04-12 07:37:57|ERROR|vocabulary_collector retry 16 time, Exception: Resource temporarily unavailable
2017-04-12 07:37:58|ERROR|vocabulary_collector retry 17 time, Exception: Resource temporarily unavailable
2017-04-12 07:37:59|ERROR|vocabulary_collector retry 18 time, Exception: Resource temporarily unavailable
2017-04-12 07:38:00|ERROR|vocabulary_collector failed to retry definitely: Resource temporarily unavailable
2017-04-12 07:38:00|ERROR|Resource temporarily unavailable
2017-04-12 07:38:00|INFO|Finish counting. 290 unique words, a total of 515 words in all files.
2017-04-12 07:40:03|INFO|{'vocabulary_collector': {'count': 0, 'kind': 'meter', 'five': 0.0, 'mean': 0.0, 'fifteen': 0.0, 'day': 0.0, 'one': 0.0}, 'worker_parser': {'count': 0, 'kind': 'meter', 'five': 0.0, 'mean': 0.0, 'fifteen': 0.0, 'day': 0.0, 'one': 0.0}}
2017-04-12 07:40:03|INFO|{'vocabulary_collector': {'count': 0, 'kind': 'meter', 'five': 0.0, 'mean': 0.0, 'fifteen': 0.0, 'day': 0.0, 'one': 0.0}, 'worker_parser': {'count': 0, 'kind': 'meter', 'five': 0.0, 'mean': 0.0, 'fifteen': 0.0, 'day': 0.0, 'one': 0.0}}
2017-04-12 07:40:03|INFO|{'vocabulary_collector': {'count': 0, 'kind': 'meter', 'five': 0.0, 'mean': 0.0, 'fifteen': 0.0, 'day': 0.0, 'one': 0.0}, 'worker_parser': {'count': 0, 'kind': 'meter', 'five': 0.0, 'mean': 0.0, 'fifteen': 0.0, 'day': 0.0, 'one': 0.0}}
2017-04-12 07:40:26|INFO|Stop!!!
2017-04-12 07:41:47|INFO|start sentence producer VentilatorProcess
2017-04-12 07:41:47|ERROR|worker_parser retry 0 time, Exception: Resource temporarily unavailable
2017-04-12 07:41:47|INFO|Counting words in ./data/train_corpus/small.txt
2017-04-12 07:41:47|ERROR|worker_parser retry 0 time, Exception: Resource temporarily unavailable
2017-04-12 07:41:47|ERROR|worker_parser retry 0 time, Exception: Resource temporarily unavailable
2017-04-12 07:41:47|ERROR|worker_parser retry 0 time, Exception: Resource temporarily unavailable
2017-04-12 07:41:47|ERROR|worker_parser retry 0 time, Exception: Resource temporarily unavailable
2017-04-12 07:41:47|ERROR|worker_parser retry 0 time, Exception: Resource temporarily unavailable
2017-04-12 07:41:47|INFO|Begin build vocabulary
2017-04-12 07:41:47|ERROR|worker_parser retry 0 time, Exception: Resource temporarily unavailable
2017-04-12 07:41:47|ERROR|vocabulary_collector retry 0 time, Exception: Resource temporarily unavailable
2017-04-12 07:41:47|ERROR|worker_parser retry 0 time, Exception: Resource temporarily unavailable
2017-04-12 07:41:47|ERROR|worker_parser retry 0 time, Exception: Resource temporarily unavailable
2017-04-12 07:41:47|ERROR|worker_parser retry 0 time, Exception: Resource temporarily unavailable
2017-04-12 07:41:48|INFO|Stop!!!
2017-04-12 07:41:48|INFO|Stop!!!
2017-04-12 07:41:48|INFO|Stop!!!
2017-04-12 07:41:48|INFO|Stop!!!
2017-04-12 07:41:48|INFO|Stop!!!
2017-04-12 07:41:48|INFO|Stop!!!
2017-04-12 07:41:48|INFO|Stop!!!
2017-04-12 07:41:48|INFO|Stop!!!
2017-04-12 07:41:48|INFO|Stop!!!
2017-04-12 07:41:48|INFO|Stop!!!
2017-04-12 07:41:48|INFO|Stop!!!
2017-04-12 07:42:20|INFO|start sentence producer VentilatorProcess
2017-04-12 07:42:20|ERROR|worker_parser retry 0 time, Exception: Resource temporarily unavailable
2017-04-12 07:42:20|INFO|Counting words in ./data/train_corpus/small.txt
2017-04-12 07:42:20|ERROR|worker_parser retry 0 time, Exception: Resource temporarily unavailable
2017-04-12 07:42:20|ERROR|worker_parser retry 0 time, Exception: Resource temporarily unavailable
2017-04-12 07:42:20|ERROR|worker_parser retry 0 time, Exception: Resource temporarily unavailable
2017-04-12 07:42:20|ERROR|worker_parser retry 0 time, Exception: Resource temporarily unavailable
2017-04-12 07:42:20|ERROR|worker_parser retry 0 time, Exception: Resource temporarily unavailable
2017-04-12 07:42:20|ERROR|worker_parser retry 0 time, Exception: Resource temporarily unavailable
2017-04-12 07:42:20|INFO|Begin build vocabulary
2017-04-12 07:42:20|ERROR|worker_parser retry 0 time, Exception: Resource temporarily unavailable
2017-04-12 07:42:20|ERROR|vocabulary_collector retry 0 time, Exception: Resource temporarily unavailable
2017-04-12 07:42:20|ERROR|worker_parser retry 0 time, Exception: Resource temporarily unavailable
2017-04-12 07:42:20|ERROR|worker_parser retry 0 time, Exception: Resource temporarily unavailable
2017-04-12 07:42:21|ERROR|worker_parser retry 1 time, Exception: Resource temporarily unavailable
2017-04-12 07:42:21|ERROR|worker_parser retry 1 time, Exception: Resource temporarily unavailable
2017-04-12 07:42:21|ERROR|worker_parser retry 1 time, Exception: Resource temporarily unavailable
2017-04-12 07:42:21|ERROR|worker_parser retry 1 time, Exception: Resource temporarily unavailable
2017-04-12 07:42:21|ERROR|worker_parser retry 1 time, Exception: Resource temporarily unavailable
2017-04-12 07:42:21|ERROR|worker_parser retry 1 time, Exception: Resource temporarily unavailable
2017-04-12 07:42:21|ERROR|vocabulary_collector retry 1 time, Exception: Resource temporarily unavailable
2017-04-12 07:42:21|ERROR|worker_parser retry 1 time, Exception: Resource temporarily unavailable
2017-04-12 07:42:21|ERROR|worker_parser retry 1 time, Exception: Resource temporarily unavailable
2017-04-12 07:42:22|ERROR|worker_parser retry 2 time, Exception: Resource temporarily unavailable
2017-04-12 07:42:22|ERROR|worker_parser retry 2 time, Exception: Resource temporarily unavailable
2017-04-12 07:42:22|ERROR|worker_parser retry 2 time, Exception: Resource temporarily unavailable
2017-04-12 07:42:22|ERROR|worker_parser retry 2 time, Exception: Resource temporarily unavailable
2017-04-12 07:42:22|ERROR|worker_parser retry 2 time, Exception: Resource temporarily unavailable
2017-04-12 07:42:22|ERROR|worker_parser retry 2 time, Exception: Resource temporarily unavailable
2017-04-12 07:42:22|ERROR|vocabulary_collector retry 2 time, Exception: Resource temporarily unavailable
2017-04-12 07:42:22|ERROR|worker_parser retry 2 time, Exception: Resource temporarily unavailable
2017-04-12 07:42:22|ERROR|worker_parser retry 2 time, Exception: Resource temporarily unavailable
2017-04-12 07:42:23|ERROR|worker_parser retry 3 time, Exception: Resource temporarily unavailable
2017-04-12 07:42:23|ERROR|worker_parser retry 3 time, Exception: Resource temporarily unavailable
2017-04-12 07:42:23|ERROR|worker_parser retry 3 time, Exception: Resource temporarily unavailable
2017-04-12 07:42:23|ERROR|worker_parser retry 3 time, Exception: Resource temporarily unavailable
2017-04-12 07:42:23|ERROR|worker_parser retry 3 time, Exception: Resource temporarily unavailable
2017-04-12 07:42:23|ERROR|worker_parser retry 3 time, Exception: Resource temporarily unavailable
2017-04-12 07:42:23|ERROR|worker_parser retry 3 time, Exception: Resource temporarily unavailable
2017-04-12 07:42:23|ERROR|worker_parser retry 3 time, Exception: Resource temporarily unavailable
2017-04-12 07:42:23|ERROR|vocabulary_collector retry 3 time, Exception: Resource temporarily unavailable
2017-04-12 07:42:23|ERROR|worker_parser retry 0 time, Exception: Resource temporarily unavailable
2017-04-12 07:42:23|ERROR|worker_parser retry 0 time, Exception: Resource temporarily unavailable
2017-04-12 07:42:24|ERROR|worker_parser retry 4 time, Exception: Resource temporarily unavailable
2017-04-12 07:42:24|ERROR|worker_parser retry 4 time, Exception: Resource temporarily unavailable
2017-04-12 07:42:24|ERROR|worker_parser retry 4 time, Exception: Resource temporarily unavailable
2017-04-12 07:42:24|ERROR|worker_parser retry 4 time, Exception: Resource temporarily unavailable
2017-04-12 07:42:24|ERROR|worker_parser retry 4 time, Exception: Resource temporarily unavailable
2017-04-12 07:42:24|ERROR|worker_parser retry 4 time, Exception: Resource temporarily unavailable
2017-04-12 07:42:24|ERROR|worker_parser retry 4 time, Exception: Resource temporarily unavailable
2017-04-12 07:42:24|ERROR|worker_parser retry 4 time, Exception: Resource temporarily unavailable
2017-04-12 07:42:24|ERROR|vocabulary_collector retry 0 time, Exception: Resource temporarily unavailable
2017-04-12 07:42:24|ERROR|worker_parser retry 1 time, Exception: Resource temporarily unavailable
2017-04-12 07:42:24|ERROR|worker_parser retry 1 time, Exception: Resource temporarily unavailable
2017-04-12 07:42:25|ERROR|worker_parser retry 5 time, Exception: Resource temporarily unavailable
2017-04-12 07:42:25|ERROR|worker_parser retry 5 time, Exception: Resource temporarily unavailable
2017-04-12 07:42:25|ERROR|worker_parser retry 5 time, Exception: Resource temporarily unavailable
2017-04-12 07:42:25|ERROR|worker_parser retry 5 time, Exception: Resource temporarily unavailable
2017-04-12 07:42:25|ERROR|worker_parser retry 5 time, Exception: Resource temporarily unavailable
2017-04-12 07:42:25|ERROR|worker_parser retry 5 time, Exception: Resource temporarily unavailable
2017-04-12 07:42:25|ERROR|worker_parser retry 5 time, Exception: Resource temporarily unavailable
2017-04-12 07:42:25|ERROR|worker_parser retry 5 time, Exception: Resource temporarily unavailable
2017-04-12 07:42:25|ERROR|vocabulary_collector retry 1 time, Exception: Resource temporarily unavailable
2017-04-12 07:42:25|INFO|Stop!!!
2017-04-12 07:42:25|INFO|Stop!!!
2017-04-12 07:42:25|INFO|Stop!!!
2017-04-12 07:42:25|INFO|Stop!!!
2017-04-12 07:42:25|INFO|Stop!!!
2017-04-12 07:42:25|INFO|Stop!!!
2017-04-12 07:42:25|INFO|Stop!!!
2017-04-12 07:42:25|INFO|Stop!!!
2017-04-12 07:42:25|INFO|Stop!!!
2017-04-12 07:42:25|INFO|Stop!!!
2017-04-12 07:42:25|INFO|Stop!!!
2017-04-12 07:42:32|INFO|Begin build vocabulary
2017-04-12 07:42:32|ERROR|vocabulary_collector retry 0 time, Exception: Resource temporarily unavailable
2017-04-12 07:42:32|INFO|start sentence producer VentilatorProcess
2017-04-12 07:42:32|INFO|Counting words in ./data/train_corpus/small.txt
2017-04-12 07:42:32|ERROR|worker_parser retry 0 time, Exception: Resource temporarily unavailable
2017-04-12 07:42:33|ERROR|vocabulary_collector retry 1 time, Exception: Resource temporarily unavailable
2017-04-12 07:42:34|ERROR|vocabulary_collector retry 2 time, Exception: Resource temporarily unavailable
2017-04-12 07:42:35|ERROR|vocabulary_collector retry 3 time, Exception: Resource temporarily unavailable
2017-04-12 07:42:35|ERROR|worker_parser retry 0 time, Exception: Resource temporarily unavailable
2017-04-12 07:42:36|ERROR|vocabulary_collector retry 0 time, Exception: Resource temporarily unavailable
2017-04-12 07:42:36|ERROR|worker_parser retry 1 time, Exception: Resource temporarily unavailable
2017-04-12 07:42:37|ERROR|vocabulary_collector retry 1 time, Exception: Resource temporarily unavailable
2017-04-12 07:42:37|ERROR|worker_parser retry 2 time, Exception: Resource temporarily unavailable
2017-04-12 07:42:38|ERROR|vocabulary_collector retry 2 time, Exception: Resource temporarily unavailable
2017-04-12 07:42:38|ERROR|worker_parser retry 3 time, Exception: Resource temporarily unavailable
2017-04-12 07:42:39|ERROR|vocabulary_collector retry 3 time, Exception: Resource temporarily unavailable
2017-04-12 07:42:39|ERROR|worker_parser retry 4 time, Exception: Resource temporarily unavailable
2017-04-12 07:42:40|ERROR|vocabulary_collector retry 4 time, Exception: Resource temporarily unavailable
2017-04-12 07:42:40|ERROR|worker_parser retry 5 time, Exception: Resource temporarily unavailable
2017-04-12 07:42:41|ERROR|vocabulary_collector retry 5 time, Exception: Resource temporarily unavailable
2017-04-12 07:42:41|ERROR|worker_parser retry 6 time, Exception: Resource temporarily unavailable
2017-04-12 07:42:42|ERROR|vocabulary_collector retry 6 time, Exception: Resource temporarily unavailable
2017-04-12 07:42:42|ERROR|worker_parser retry 7 time, Exception: Resource temporarily unavailable
2017-04-12 07:42:43|ERROR|vocabulary_collector retry 7 time, Exception: Resource temporarily unavailable
2017-04-12 07:42:43|ERROR|worker_parser retry 8 time, Exception: Resource temporarily unavailable
2017-04-12 07:42:44|ERROR|vocabulary_collector retry 8 time, Exception: Resource temporarily unavailable
2017-04-12 07:42:44|ERROR|worker_parser failed to retry definitely: Resource temporarily unavailable
2017-04-12 07:42:44|ERROR|Resource temporarily unavailable
2017-04-12 07:42:45|ERROR|vocabulary_collector retry 9 time, Exception: Resource temporarily unavailable
2017-04-12 07:42:46|ERROR|vocabulary_collector retry 10 time, Exception: Resource temporarily unavailable
2017-04-12 07:42:47|ERROR|vocabulary_collector retry 11 time, Exception: Resource temporarily unavailable
2017-04-12 07:42:48|ERROR|vocabulary_collector retry 12 time, Exception: Resource temporarily unavailable
2017-04-12 07:42:49|ERROR|vocabulary_collector retry 13 time, Exception: Resource temporarily unavailable
2017-04-12 07:42:50|ERROR|vocabulary_collector retry 14 time, Exception: Resource temporarily unavailable
2017-04-12 07:42:51|ERROR|vocabulary_collector retry 15 time, Exception: Resource temporarily unavailable
2017-04-12 07:42:52|ERROR|vocabulary_collector retry 16 time, Exception: Resource temporarily unavailable
2017-04-12 07:42:53|ERROR|vocabulary_collector retry 17 time, Exception: Resource temporarily unavailable
2017-04-12 07:42:54|ERROR|vocabulary_collector retry 18 time, Exception: Resource temporarily unavailable
2017-04-12 07:42:55|ERROR|vocabulary_collector failed to retry definitely: Resource temporarily unavailable
2017-04-12 07:42:55|ERROR|Resource temporarily unavailable
2017-04-12 07:42:55|INFO|Finish counting. 290 unique words, a total of 515 words in all files.
2017-04-12 07:43:33|INFO|Begin build vocabulary
2017-04-12 07:43:33|ERROR|vocabulary_collector retry 0 time, Exception: Resource temporarily unavailable
2017-04-12 07:43:33|INFO|start sentence producer VentilatorProcess
2017-04-12 07:43:33|INFO|Counting words in ./data/train_corpus/small.txt
2017-04-12 07:43:33|ERROR|worker_parser retry 0 time, Exception: Resource temporarily unavailable
2017-04-12 07:43:34|ERROR|vocabulary_collector retry 1 time, Exception: Resource temporarily unavailable
2017-04-12 07:43:35|ERROR|vocabulary_collector retry 2 time, Exception: Resource temporarily unavailable
2017-04-12 07:43:36|ERROR|vocabulary_collector retry 3 time, Exception: Resource temporarily unavailable
2017-04-12 07:43:37|ERROR|worker_parser retry 0 time, Exception: Resource temporarily unavailable
2017-04-12 07:43:37|ERROR|vocabulary_collector retry 0 time, Exception: Resource temporarily unavailable
2017-04-12 07:43:38|ERROR|worker_parser retry 1 time, Exception: Resource temporarily unavailable
2017-04-12 07:43:38|ERROR|vocabulary_collector retry 1 time, Exception: Resource temporarily unavailable
2017-04-12 07:43:39|ERROR|worker_parser retry 2 time, Exception: Resource temporarily unavailable
2017-04-12 07:43:39|ERROR|vocabulary_collector retry 2 time, Exception: Resource temporarily unavailable
2017-04-12 07:43:40|ERROR|worker_parser retry 3 time, Exception: Resource temporarily unavailable
2017-04-12 07:43:40|ERROR|vocabulary_collector retry 3 time, Exception: Resource temporarily unavailable
2017-04-12 07:43:41|ERROR|worker_parser retry 4 time, Exception: Resource temporarily unavailable
2017-04-12 07:43:41|ERROR|vocabulary_collector retry 4 time, Exception: Resource temporarily unavailable
2017-04-12 07:43:42|ERROR|worker_parser retry 5 time, Exception: Resource temporarily unavailable
2017-04-12 07:43:42|ERROR|vocabulary_collector retry 5 time, Exception: Resource temporarily unavailable
2017-04-12 07:43:43|ERROR|worker_parser retry 6 time, Exception: Resource temporarily unavailable
2017-04-12 07:43:43|ERROR|vocabulary_collector retry 6 time, Exception: Resource temporarily unavailable
2017-04-12 07:43:44|ERROR|worker_parser retry 7 time, Exception: Resource temporarily unavailable
2017-04-12 07:43:44|ERROR|vocabulary_collector retry 7 time, Exception: Resource temporarily unavailable
2017-04-12 07:43:45|ERROR|worker_parser retry 8 time, Exception: Resource temporarily unavailable
2017-04-12 07:43:45|ERROR|vocabulary_collector retry 8 time, Exception: Resource temporarily unavailable
2017-04-12 07:43:46|ERROR|worker_parser failed to retry definitely: Resource temporarily unavailable
2017-04-12 07:43:46|ERROR|Resource temporarily unavailable
2017-04-12 07:43:46|ERROR|vocabulary_collector retry 9 time, Exception: Resource temporarily unavailable
2017-04-12 07:43:47|ERROR|vocabulary_collector retry 10 time, Exception: Resource temporarily unavailable
2017-04-12 07:43:48|ERROR|vocabulary_collector retry 11 time, Exception: Resource temporarily unavailable
2017-04-12 07:43:49|ERROR|vocabulary_collector retry 12 time, Exception: Resource temporarily unavailable
2017-04-12 07:43:50|ERROR|vocabulary_collector retry 13 time, Exception: Resource temporarily unavailable
2017-04-12 07:43:51|ERROR|vocabulary_collector retry 14 time, Exception: Resource temporarily unavailable
2017-04-12 07:43:52|ERROR|vocabulary_collector retry 15 time, Exception: Resource temporarily unavailable
2017-04-12 07:43:53|ERROR|vocabulary_collector retry 16 time, Exception: Resource temporarily unavailable
2017-04-12 07:43:54|ERROR|vocabulary_collector retry 17 time, Exception: Resource temporarily unavailable
2017-04-12 07:43:55|ERROR|vocabulary_collector retry 18 time, Exception: Resource temporarily unavailable
2017-04-12 07:43:56|ERROR|vocabulary_collector failed to retry definitely: Resource temporarily unavailable
2017-04-12 07:43:56|ERROR|Resource temporarily unavailable
2017-04-12 07:43:56|INFO|Finish counting. 290 unique words, a total of 515 words in all files.
2017-04-12 07:43:56|INFO|Saving to /Users/keliz/PycharmProjects/MxWord2vec/data/vocab.pkl.
2017-04-12 07:43:56|INFO|terminated process VentilatorProcess
2017-04-12 07:43:56|INFO|terminated process WorkerProcess_0
2017-04-12 07:44:03|INFO|{'vocabulary_collector': {'count': 78, 'kind': 'meter', 'five': 14.352692868217444, 'mean': 2.5999017100935387, 'fifteen': 15.172629843015033, 'day': 15.595486764099185, 'one': 10.284153831126924}, 'worker_parser': {'count': 0, 'kind': 'meter', 'five': 0.0, 'mean': 0.0, 'fifteen': 0.0, 'day': 0.0, 'one': 0.0}}
2017-04-12 07:44:03|INFO|{'vocabulary_collector': {'count': 78, 'kind': 'meter', 'five': 14.352692868217444, 'mean': 2.59989305300361, 'fifteen': 15.172629843015033, 'day': 15.595486764099185, 'one': 10.284153831126924}, 'worker_parser': {'count': 0, 'kind': 'meter', 'five': 0.0, 'mean': 0.0, 'fifteen': 0.0, 'day': 0.0, 'one': 0.0}}
2017-04-12 07:44:03|INFO|{'vocabulary_collector': {'count': 78, 'kind': 'meter', 'five': 14.352692868217444, 'mean': 2.599890718285171, 'fifteen': 15.172629843015033, 'day': 15.595486764099185, 'one': 10.284153831126924}, 'worker_parser': {'count': 0, 'kind': 'meter', 'five': 0.0, 'mean': 0.0, 'fifteen': 0.0, 'day': 0.0, 'one': 0.0}}
2017-04-12 07:44:06|INFO|Begin build vocabulary
2017-04-12 07:44:06|ERROR|vocabulary_collector retry 0 time, Exception: Resource temporarily unavailable
2017-04-12 07:44:07|ERROR|vocabulary_collector retry 1 time, Exception: Resource temporarily unavailable
2017-04-12 07:44:08|ERROR|vocabulary_collector retry 2 time, Exception: Resource temporarily unavailable
2017-04-12 07:44:09|ERROR|vocabulary_collector retry 3 time, Exception: Resource temporarily unavailable
2017-04-12 07:44:10|ERROR|vocabulary_collector retry 4 time, Exception: Resource temporarily unavailable
2017-04-12 07:44:11|ERROR|vocabulary_collector retry 5 time, Exception: Resource temporarily unavailable
2017-04-12 07:44:12|ERROR|vocabulary_collector retry 6 time, Exception: Resource temporarily unavailable
2017-04-12 07:44:13|ERROR|vocabulary_collector retry 7 time, Exception: Resource temporarily unavailable
2017-04-12 07:44:14|ERROR|vocabulary_collector retry 8 time, Exception: Resource temporarily unavailable
2017-04-12 07:44:15|ERROR|vocabulary_collector retry 9 time, Exception: Resource temporarily unavailable
2017-04-12 07:44:16|ERROR|vocabulary_collector retry 10 time, Exception: Resource temporarily unavailable
2017-04-12 07:44:17|ERROR|vocabulary_collector retry 11 time, Exception: Resource temporarily unavailable
2017-04-12 07:44:18|ERROR|vocabulary_collector retry 12 time, Exception: Resource temporarily unavailable
2017-04-12 07:44:19|ERROR|vocabulary_collector retry 13 time, Exception: Resource temporarily unavailable
2017-04-12 07:44:20|ERROR|vocabulary_collector retry 14 time, Exception: Resource temporarily unavailable
2017-04-12 07:44:21|ERROR|vocabulary_collector retry 15 time, Exception: Resource temporarily unavailable
2017-04-12 07:44:22|ERROR|vocabulary_collector retry 16 time, Exception: Resource temporarily unavailable
2017-04-12 07:44:23|ERROR|vocabulary_collector retry 17 time, Exception: Resource temporarily unavailable
2017-04-12 07:44:24|ERROR|vocabulary_collector retry 18 time, Exception: Resource temporarily unavailable
2017-04-12 07:44:25|ERROR|vocabulary_collector failed to retry definitely: Resource temporarily unavailable
2017-04-12 07:44:25|ERROR|Resource temporarily unavailable
2017-04-12 07:44:25|INFO|Finish counting. 0 unique words, a total of 0 words in all files.
2017-04-12 07:44:25|WARNING|Not saving /Users/keliz/PycharmProjects/MxWord2vec/data/vocab.pkl, already exists.
2017-04-12 07:44:26|INFO|Begin build data index
2017-04-12 07:44:26|ERROR|vocabulary_collector retry 0 time, Exception: Resource temporarily unavailable
2017-04-12 07:44:26|INFO|start sentence producer VentilatorProcess
2017-04-12 07:44:26|INFO|Counting words in ./data/train_corpus/small.txt
2017-04-12 07:44:26|ERROR|worker_parser retry 0 time, Exception: Resource temporarily unavailable
2017-04-12 07:44:27|ERROR|vocabulary_collector retry 1 time, Exception: Resource temporarily unavailable
2017-04-12 07:44:28|ERROR|vocabulary_collector retry 2 time, Exception: Resource temporarily unavailable
2017-04-12 07:44:29|ERROR|vocabulary_collector retry 3 time, Exception: Resource temporarily unavailable
2017-04-12 07:44:29|ERROR|worker_parser retry 0 time, Exception: Resource temporarily unavailable
2017-04-12 07:44:30|ERROR|vocabulary_collector retry 0 time, Exception: Resource temporarily unavailable
2017-04-12 07:44:30|ERROR|worker_parser retry 1 time, Exception: Resource temporarily unavailable
2017-04-12 07:44:31|ERROR|vocabulary_collector retry 1 time, Exception: Resource temporarily unavailable
2017-04-12 07:44:31|ERROR|worker_parser retry 2 time, Exception: Resource temporarily unavailable
2017-04-12 07:44:32|ERROR|vocabulary_collector retry 2 time, Exception: Resource temporarily unavailable
2017-04-12 07:44:32|ERROR|worker_parser retry 3 time, Exception: Resource temporarily unavailable
2017-04-12 07:44:33|ERROR|vocabulary_collector retry 3 time, Exception: Resource temporarily unavailable
2017-04-12 07:44:33|ERROR|worker_parser retry 4 time, Exception: Resource temporarily unavailable
2017-04-12 07:44:33|INFO|{'vocabulary_collector': {'count': 156, 'kind': 'meter', 'five': 13.20511490829358, 'mean': 2.6000106104647993, 'fifteen': 14.756967714945537, 'day': 15.590974833922623, 'one': 6.779732052710424}, 'worker_parser': {'count': 0, 'kind': 'meter', 'five': 0.0, 'mean': 0.0, 'fifteen': 0.0, 'day': 0.0, 'one': 0.0}}
2017-04-12 07:44:33|INFO|{'vocabulary_collector': {'count': 156, 'kind': 'meter', 'five': 13.20511490829358, 'mean': 2.599835946580443, 'fifteen': 14.756967714945537, 'day': 15.590974833922623, 'one': 6.779732052710424}, 'worker_parser': {'count': 0, 'kind': 'meter', 'five': 0.0, 'mean': 0.0, 'fifteen': 0.0, 'day': 0.0, 'one': 0.0}}
2017-04-12 07:44:33|INFO|{'vocabulary_collector': {'count': 156, 'kind': 'meter', 'five': 13.20511490829358, 'mean': 2.599823860340044, 'fifteen': 14.756967714945537, 'day': 15.590974833922623, 'one': 6.779732052710424}, 'worker_parser': {'count': 0, 'kind': 'meter', 'five': 0.0, 'mean': 0.0, 'fifteen': 0.0, 'day': 0.0, 'one': 0.0}}
2017-04-12 07:44:34|ERROR|vocabulary_collector retry 4 time, Exception: Resource temporarily unavailable
2017-04-12 07:44:34|ERROR|worker_parser retry 5 time, Exception: Resource temporarily unavailable
2017-04-12 07:44:35|ERROR|vocabulary_collector retry 5 time, Exception: Resource temporarily unavailable
2017-04-12 07:44:35|ERROR|worker_parser retry 6 time, Exception: Resource temporarily unavailable
2017-04-12 07:44:36|ERROR|vocabulary_collector retry 6 time, Exception: Resource temporarily unavailable
2017-04-12 07:44:36|ERROR|worker_parser retry 7 time, Exception: Resource temporarily unavailable
2017-04-12 07:44:37|ERROR|vocabulary_collector retry 7 time, Exception: Resource temporarily unavailable
2017-04-12 07:44:37|ERROR|worker_parser retry 8 time, Exception: Resource temporarily unavailable
2017-04-12 07:44:38|ERROR|vocabulary_collector retry 8 time, Exception: Resource temporarily unavailable
2017-04-12 07:44:38|ERROR|worker_parser failed to retry definitely: Resource temporarily unavailable
2017-04-12 07:44:38|ERROR|Resource temporarily unavailable
2017-04-12 07:44:39|ERROR|vocabulary_collector retry 9 time, Exception: Resource temporarily unavailable
2017-04-12 07:44:40|ERROR|vocabulary_collector retry 10 time, Exception: Resource temporarily unavailable
2017-04-12 07:44:41|ERROR|vocabulary_collector retry 11 time, Exception: Resource temporarily unavailable
2017-04-12 07:44:42|ERROR|vocabulary_collector retry 12 time, Exception: Resource temporarily unavailable
2017-04-12 07:44:43|ERROR|vocabulary_collector retry 13 time, Exception: Resource temporarily unavailable
2017-04-12 07:44:44|ERROR|vocabulary_collector retry 14 time, Exception: Resource temporarily unavailable
2017-04-12 07:44:45|ERROR|vocabulary_collector retry 15 time, Exception: Resource temporarily unavailable
2017-04-12 07:44:46|ERROR|vocabulary_collector retry 16 time, Exception: Resource temporarily unavailable
2017-04-12 07:44:47|ERROR|vocabulary_collector retry 17 time, Exception: Resource temporarily unavailable
2017-04-12 07:44:48|ERROR|vocabulary_collector retry 18 time, Exception: Resource temporarily unavailable
2017-04-12 07:44:49|ERROR|vocabulary_collector failed to retry definitely: Resource temporarily unavailable
2017-04-12 07:44:49|ERROR|Resource temporarily unavailable
2017-04-12 07:44:49|INFO|Saving to /Users/keliz/PycharmProjects/MxWord2vec/data/data_index.pkl.
2017-04-12 07:44:49|INFO|Finish build data index
2017-04-12 07:44:49|INFO|Begin build negative data
2017-04-12 07:46:13|INFO|Begin build vocabulary
2017-04-12 07:46:13|ERROR|vocabulary_collector retry 0 time, Exception: Resource temporarily unavailable
2017-04-12 07:46:13|INFO|start sentence producer VentilatorProcess
2017-04-12 07:46:13|INFO|Counting words in ./data/train_corpus/small.txt
2017-04-12 07:46:13|ERROR|worker_parser retry 0 time, Exception: Resource temporarily unavailable
2017-04-12 07:46:14|ERROR|vocabulary_collector retry 1 time, Exception: Resource temporarily unavailable
2017-04-12 07:46:15|ERROR|vocabulary_collector retry 2 time, Exception: Resource temporarily unavailable
2017-04-12 07:46:16|ERROR|vocabulary_collector retry 3 time, Exception: Resource temporarily unavailable
2017-04-12 07:46:17|ERROR|worker_parser retry 0 time, Exception: Resource temporarily unavailable
2017-04-12 07:46:17|ERROR|vocabulary_collector retry 0 time, Exception: Resource temporarily unavailable
2017-04-12 07:46:18|ERROR|worker_parser retry 1 time, Exception: Resource temporarily unavailable
2017-04-12 07:46:18|ERROR|vocabulary_collector retry 1 time, Exception: Resource temporarily unavailable
2017-04-12 07:46:19|ERROR|worker_parser retry 2 time, Exception: Resource temporarily unavailable
2017-04-12 07:46:19|ERROR|vocabulary_collector retry 2 time, Exception: Resource temporarily unavailable
2017-04-12 07:46:20|ERROR|worker_parser retry 3 time, Exception: Resource temporarily unavailable
2017-04-12 07:46:20|ERROR|vocabulary_collector retry 3 time, Exception: Resource temporarily unavailable
2017-04-12 07:46:21|ERROR|worker_parser retry 4 time, Exception: Resource temporarily unavailable
2017-04-12 07:46:21|ERROR|vocabulary_collector retry 4 time, Exception: Resource temporarily unavailable
2017-04-12 07:46:22|ERROR|worker_parser retry 5 time, Exception: Resource temporarily unavailable
2017-04-12 07:46:22|ERROR|vocabulary_collector retry 5 time, Exception: Resource temporarily unavailable
2017-04-12 07:46:23|ERROR|worker_parser retry 6 time, Exception: Resource temporarily unavailable
2017-04-12 07:46:23|ERROR|vocabulary_collector retry 6 time, Exception: Resource temporarily unavailable
2017-04-12 07:46:24|ERROR|worker_parser retry 7 time, Exception: Resource temporarily unavailable
2017-04-12 07:46:24|ERROR|vocabulary_collector retry 7 time, Exception: Resource temporarily unavailable
2017-04-12 07:46:25|ERROR|worker_parser retry 8 time, Exception: Resource temporarily unavailable
2017-04-12 07:46:25|ERROR|vocabulary_collector retry 8 time, Exception: Resource temporarily unavailable
2017-04-12 07:46:26|ERROR|worker_parser failed to retry definitely: Resource temporarily unavailable
2017-04-12 07:46:26|ERROR|Resource temporarily unavailable
2017-04-12 07:46:26|ERROR|vocabulary_collector retry 9 time, Exception: Resource temporarily unavailable
2017-04-12 07:46:27|ERROR|vocabulary_collector retry 10 time, Exception: Resource temporarily unavailable
2017-04-12 07:46:28|ERROR|vocabulary_collector retry 11 time, Exception: Resource temporarily unavailable
2017-04-12 07:46:29|ERROR|vocabulary_collector retry 12 time, Exception: Resource temporarily unavailable
2017-04-12 07:46:30|ERROR|vocabulary_collector retry 13 time, Exception: Resource temporarily unavailable
2017-04-12 07:46:31|ERROR|vocabulary_collector retry 14 time, Exception: Resource temporarily unavailable
2017-04-12 07:46:33|ERROR|vocabulary_collector retry 15 time, Exception: Resource temporarily unavailable
2017-04-12 07:46:34|ERROR|vocabulary_collector retry 16 time, Exception: Resource temporarily unavailable
2017-04-12 07:46:35|ERROR|vocabulary_collector retry 17 time, Exception: Resource temporarily unavailable
2017-04-12 07:46:36|ERROR|vocabulary_collector retry 18 time, Exception: Resource temporarily unavailable
2017-04-12 07:46:37|ERROR|vocabulary_collector failed to retry definitely: Resource temporarily unavailable
2017-04-12 07:46:37|ERROR|Resource temporarily unavailable
2017-04-12 07:46:37|INFO|Finish counting. 290 unique words, a total of 515 words in all files.
2017-04-12 07:46:37|WARNING|Not saving /Users/keliz/PycharmProjects/MxWord2vec/data/vocab.pkl, already exists.
2017-04-12 07:46:37|INFO|terminated process VentilatorProcess
2017-04-12 07:46:37|INFO|terminated process WorkerProcess_0
2017-04-12 07:46:43|INFO|{'vocabulary_collector': {'count': 78, 'kind': 'meter', 'five': 14.352692868217444, 'mean': 2.5996589202156555, 'fifteen': 15.172629843015033, 'day': 15.595486764099185, 'one': 10.284153831126924}, 'worker_parser': {'count': 0, 'kind': 'meter', 'five': 0.0, 'mean': 0.0, 'fifteen': 0.0, 'day': 0.0, 'one': 0.0}}
2017-04-12 07:46:43|INFO|{'vocabulary_collector': {'count': 78, 'kind': 'meter', 'five': 14.352692868217444, 'mean': 2.599605294393306, 'fifteen': 15.172629843015033, 'day': 15.595486764099185, 'one': 10.284153831126924}, 'worker_parser': {'count': 0, 'kind': 'meter', 'five': 0.0, 'mean': 0.0, 'fifteen': 0.0, 'day': 0.0, 'one': 0.0}}
2017-04-12 07:46:43|INFO|{'vocabulary_collector': {'count': 78, 'kind': 'meter', 'five': 14.352692868217444, 'mean': 2.599603559234157, 'fifteen': 15.172629843015033, 'day': 15.595486764099185, 'one': 10.284153831126924}, 'worker_parser': {'count': 0, 'kind': 'meter', 'five': 0.0, 'mean': 0.0, 'fifteen': 0.0, 'day': 0.0, 'one': 0.0}}
2017-04-12 07:46:47|INFO|Begin build vocabulary
2017-04-12 07:46:47|ERROR|vocabulary_collector retry 0 time, Exception: Resource temporarily unavailable
2017-04-12 07:46:48|ERROR|vocabulary_collector retry 1 time, Exception: Resource temporarily unavailable
2017-04-12 07:46:49|ERROR|vocabulary_collector retry 2 time, Exception: Resource temporarily unavailable
2017-04-12 07:46:50|ERROR|vocabulary_collector retry 3 time, Exception: Resource temporarily unavailable
2017-04-12 07:46:51|ERROR|vocabulary_collector retry 4 time, Exception: Resource temporarily unavailable
2017-04-12 07:46:52|ERROR|vocabulary_collector retry 5 time, Exception: Resource temporarily unavailable
2017-04-12 07:46:53|ERROR|vocabulary_collector retry 6 time, Exception: Resource temporarily unavailable
2017-04-12 07:46:54|ERROR|vocabulary_collector retry 7 time, Exception: Resource temporarily unavailable
2017-04-12 07:46:55|ERROR|vocabulary_collector retry 8 time, Exception: Resource temporarily unavailable
2017-04-12 07:46:56|ERROR|vocabulary_collector retry 9 time, Exception: Resource temporarily unavailable
2017-04-12 07:46:57|ERROR|vocabulary_collector retry 10 time, Exception: Resource temporarily unavailable
2017-04-12 07:46:58|ERROR|vocabulary_collector retry 11 time, Exception: Resource temporarily unavailable
2017-04-12 07:46:59|ERROR|vocabulary_collector retry 12 time, Exception: Resource temporarily unavailable
2017-04-12 07:47:00|ERROR|vocabulary_collector retry 13 time, Exception: Resource temporarily unavailable
2017-04-12 07:47:01|ERROR|vocabulary_collector retry 14 time, Exception: Resource temporarily unavailable
2017-04-12 07:47:02|ERROR|vocabulary_collector retry 15 time, Exception: Resource temporarily unavailable
2017-04-12 07:47:03|ERROR|vocabulary_collector retry 16 time, Exception: Resource temporarily unavailable
2017-04-12 07:47:04|ERROR|vocabulary_collector retry 17 time, Exception: Resource temporarily unavailable
2017-04-12 07:47:05|ERROR|vocabulary_collector retry 18 time, Exception: Resource temporarily unavailable
2017-04-12 07:47:06|ERROR|vocabulary_collector failed to retry definitely: Resource temporarily unavailable
2017-04-12 07:47:06|ERROR|Resource temporarily unavailable
2017-04-12 07:47:06|INFO|Finish counting. 0 unique words, a total of 0 words in all files.
2017-04-12 07:47:06|WARNING|Not saving /Users/keliz/PycharmProjects/MxWord2vec/data/vocab.pkl, already exists.
2017-04-12 07:47:06|INFO|Begin build data index
2017-04-12 07:47:06|ERROR|vocabulary_collector retry 0 time, Exception: Resource temporarily unavailable
2017-04-12 07:47:06|INFO|start sentence producer VentilatorProcess
2017-04-12 07:47:06|INFO|Counting words in ./data/train_corpus/small.txt
2017-04-12 07:47:06|ERROR|worker_parser retry 0 time, Exception: Resource temporarily unavailable
2017-04-12 07:47:07|ERROR|vocabulary_collector retry 1 time, Exception: Resource temporarily unavailable
2017-04-12 07:47:08|ERROR|vocabulary_collector retry 2 time, Exception: Resource temporarily unavailable
2017-04-12 07:47:09|ERROR|vocabulary_collector retry 3 time, Exception: Resource temporarily unavailable
2017-04-12 07:47:09|ERROR|worker_parser retry 0 time, Exception: Resource temporarily unavailable
2017-04-12 07:47:10|ERROR|vocabulary_collector retry 0 time, Exception: Resource temporarily unavailable
2017-04-12 07:47:10|ERROR|worker_parser retry 1 time, Exception: Resource temporarily unavailable
2017-04-12 07:47:11|ERROR|vocabulary_collector retry 1 time, Exception: Resource temporarily unavailable
2017-04-12 07:47:11|ERROR|worker_parser retry 2 time, Exception: Resource temporarily unavailable
2017-04-12 07:47:12|ERROR|vocabulary_collector retry 2 time, Exception: Resource temporarily unavailable
2017-04-12 07:47:12|ERROR|worker_parser retry 3 time, Exception: Resource temporarily unavailable
2017-04-12 07:47:13|ERROR|vocabulary_collector retry 3 time, Exception: Resource temporarily unavailable
2017-04-12 07:47:13|ERROR|worker_parser retry 4 time, Exception: Resource temporarily unavailable
2017-04-12 07:47:13|INFO|{'vocabulary_collector': {'count': 156, 'kind': 'meter', 'five': 13.20511490829358, 'mean': 2.5999152020455267, 'fifteen': 14.756967714945537, 'day': 15.590974833922623, 'one': 6.779732052710424}, 'worker_parser': {'count': 0, 'kind': 'meter', 'five': 0.0, 'mean': 0.0, 'fifteen': 0.0, 'day': 0.0, 'one': 0.0}}
2017-04-12 07:47:13|INFO|{'vocabulary_collector': {'count': 156, 'kind': 'meter', 'five': 13.20511490829358, 'mean': 2.599829500571579, 'fifteen': 14.756967714945537, 'day': 15.590974833922623, 'one': 6.779732052710424}, 'worker_parser': {'count': 0, 'kind': 'meter', 'five': 0.0, 'mean': 0.0, 'fifteen': 0.0, 'day': 0.0, 'one': 0.0}}
2017-04-12 07:47:13|INFO|{'vocabulary_collector': {'count': 156, 'kind': 'meter', 'five': 13.20511490829358, 'mean': 2.5998206580216756, 'fifteen': 14.756967714945537, 'day': 15.590974833922623, 'one': 6.779732052710424}, 'worker_parser': {'count': 0, 'kind': 'meter', 'five': 0.0, 'mean': 0.0, 'fifteen': 0.0, 'day': 0.0, 'one': 0.0}}
2017-04-12 07:47:14|ERROR|vocabulary_collector retry 4 time, Exception: Resource temporarily unavailable
2017-04-12 07:47:14|ERROR|worker_parser retry 5 time, Exception: Resource temporarily unavailable
2017-04-12 07:47:15|ERROR|vocabulary_collector retry 5 time, Exception: Resource temporarily unavailable
2017-04-12 07:47:15|ERROR|worker_parser retry 6 time, Exception: Resource temporarily unavailable
2017-04-12 07:47:16|ERROR|vocabulary_collector retry 6 time, Exception: Resource temporarily unavailable
2017-04-12 07:47:16|ERROR|worker_parser retry 7 time, Exception: Resource temporarily unavailable
2017-04-12 07:47:17|ERROR|vocabulary_collector retry 7 time, Exception: Resource temporarily unavailable
2017-04-12 07:47:17|ERROR|worker_parser retry 8 time, Exception: Resource temporarily unavailable
2017-04-12 07:47:18|ERROR|vocabulary_collector retry 8 time, Exception: Resource temporarily unavailable
2017-04-12 07:47:18|ERROR|worker_parser failed to retry definitely: Resource temporarily unavailable
2017-04-12 07:47:18|ERROR|Resource temporarily unavailable
2017-04-12 07:47:19|ERROR|vocabulary_collector retry 9 time, Exception: Resource temporarily unavailable
2017-04-12 07:47:20|ERROR|vocabulary_collector retry 10 time, Exception: Resource temporarily unavailable
2017-04-12 07:47:21|ERROR|vocabulary_collector retry 11 time, Exception: Resource temporarily unavailable
2017-04-12 07:47:22|ERROR|vocabulary_collector retry 12 time, Exception: Resource temporarily unavailable
2017-04-12 07:47:23|ERROR|vocabulary_collector retry 13 time, Exception: Resource temporarily unavailable
2017-04-12 07:47:24|ERROR|vocabulary_collector retry 14 time, Exception: Resource temporarily unavailable
2017-04-12 07:47:25|ERROR|vocabulary_collector retry 15 time, Exception: Resource temporarily unavailable
2017-04-12 07:47:26|ERROR|vocabulary_collector retry 16 time, Exception: Resource temporarily unavailable
2017-04-12 07:47:27|ERROR|vocabulary_collector retry 17 time, Exception: Resource temporarily unavailable
2017-04-12 07:47:28|ERROR|vocabulary_collector retry 18 time, Exception: Resource temporarily unavailable
2017-04-12 07:47:29|ERROR|vocabulary_collector failed to retry definitely: Resource temporarily unavailable
2017-04-12 07:47:29|ERROR|Resource temporarily unavailable
2017-04-12 07:47:29|WARNING|Not saving /Users/keliz/PycharmProjects/MxWord2vec/data/data_index.pkl, already exists.
2017-04-12 07:47:29|INFO|Finish build data index
2017-04-12 07:47:29|INFO|Begin build negative data
2017-04-12 07:47:29|INFO|Saving to /Users/keliz/PycharmProjects/MxWord2vec/data/negative_data.pkl.
2017-04-12 07:47:29|INFO|Finish build negative data
2017-04-12 07:47:38|INFO|Begin build vocabulary
2017-04-12 07:47:38|ERROR|vocabulary_collector retry 0 time, Exception: Resource temporarily unavailable
2017-04-12 07:47:38|INFO|start sentence producer VentilatorProcess
2017-04-12 07:47:38|INFO|Counting words in ./data/train_corpus/small.txt
2017-04-12 07:47:38|ERROR|worker_parser retry 0 time, Exception: Resource temporarily unavailable
2017-04-12 07:47:39|ERROR|vocabulary_collector retry 1 time, Exception: Resource temporarily unavailable
2017-04-12 07:47:40|ERROR|vocabulary_collector retry 2 time, Exception: Resource temporarily unavailable
2017-04-12 07:47:41|ERROR|vocabulary_collector retry 3 time, Exception: Resource temporarily unavailable
2017-04-12 07:47:41|ERROR|worker_parser retry 0 time, Exception: Resource temporarily unavailable
2017-04-12 07:47:42|ERROR|vocabulary_collector retry 0 time, Exception: Resource temporarily unavailable
2017-04-12 07:47:42|ERROR|worker_parser retry 1 time, Exception: Resource temporarily unavailable
2017-04-12 07:47:43|ERROR|vocabulary_collector retry 1 time, Exception: Resource temporarily unavailable
2017-04-12 07:47:43|ERROR|worker_parser retry 2 time, Exception: Resource temporarily unavailable
2017-04-12 07:47:44|ERROR|vocabulary_collector retry 2 time, Exception: Resource temporarily unavailable
2017-04-12 07:47:44|ERROR|worker_parser retry 3 time, Exception: Resource temporarily unavailable
2017-04-12 07:47:45|ERROR|vocabulary_collector retry 3 time, Exception: Resource temporarily unavailable
2017-04-12 07:47:45|ERROR|worker_parser retry 4 time, Exception: Resource temporarily unavailable
2017-04-12 07:47:46|ERROR|vocabulary_collector retry 4 time, Exception: Resource temporarily unavailable
2017-04-12 07:47:46|ERROR|worker_parser retry 5 time, Exception: Resource temporarily unavailable
2017-04-12 07:47:47|ERROR|vocabulary_collector retry 5 time, Exception: Resource temporarily unavailable
2017-04-12 07:47:47|ERROR|worker_parser retry 6 time, Exception: Resource temporarily unavailable
2017-04-12 07:47:48|ERROR|vocabulary_collector retry 6 time, Exception: Resource temporarily unavailable
2017-04-12 07:47:48|ERROR|worker_parser retry 7 time, Exception: Resource temporarily unavailable
2017-04-12 07:47:49|ERROR|vocabulary_collector retry 7 time, Exception: Resource temporarily unavailable
2017-04-12 07:47:49|ERROR|worker_parser retry 8 time, Exception: Resource temporarily unavailable
2017-04-12 07:47:50|ERROR|vocabulary_collector retry 8 time, Exception: Resource temporarily unavailable
2017-04-12 07:47:50|ERROR|worker_parser failed to retry definitely: Resource temporarily unavailable
2017-04-12 07:47:50|ERROR|Resource temporarily unavailable
2017-04-12 07:47:51|ERROR|vocabulary_collector retry 9 time, Exception: Resource temporarily unavailable
2017-04-12 07:47:52|ERROR|vocabulary_collector retry 10 time, Exception: Resource temporarily unavailable
2017-04-12 07:47:53|ERROR|vocabulary_collector retry 11 time, Exception: Resource temporarily unavailable
2017-04-12 07:47:54|ERROR|vocabulary_collector retry 12 time, Exception: Resource temporarily unavailable
2017-04-12 07:47:55|ERROR|vocabulary_collector retry 13 time, Exception: Resource temporarily unavailable
2017-04-12 07:47:56|ERROR|vocabulary_collector retry 14 time, Exception: Resource temporarily unavailable
2017-04-12 07:47:57|ERROR|vocabulary_collector retry 15 time, Exception: Resource temporarily unavailable
2017-04-12 07:47:58|ERROR|vocabulary_collector retry 16 time, Exception: Resource temporarily unavailable
2017-04-12 07:47:59|ERROR|vocabulary_collector retry 17 time, Exception: Resource temporarily unavailable
2017-04-12 07:48:00|ERROR|vocabulary_collector retry 18 time, Exception: Resource temporarily unavailable
2017-04-12 07:48:01|ERROR|vocabulary_collector failed to retry definitely: Resource temporarily unavailable
2017-04-12 07:48:01|ERROR|Resource temporarily unavailable
2017-04-12 07:48:01|INFO|Finish counting. 290 unique words, a total of 515 words in all files.
2017-04-12 07:48:01|WARNING|Not saving /Users/keliz/PycharmProjects/MxWord2vec/data/vocab.pkl, already exists.
2017-04-12 07:48:01|INFO|terminated process VentilatorProcess
2017-04-12 07:48:01|INFO|terminated process WorkerProcess_0
2017-04-12 07:48:08|INFO|{'vocabulary_collector': {'count': 78, 'kind': 'meter', 'five': 14.352692868217444, 'mean': 2.5997987791672523, 'fifteen': 15.172629843015033, 'day': 15.595486764099185, 'one': 10.284153831126924}, 'worker_parser': {'count': 0, 'kind': 'meter', 'five': 0.0, 'mean': 0.0, 'fifteen': 0.0, 'day': 0.0, 'one': 0.0}}
2017-04-12 07:48:08|INFO|{'vocabulary_collector': {'count': 78, 'kind': 'meter', 'five': 14.352692868217444, 'mean': 2.599780061572747, 'fifteen': 15.172629843015033, 'day': 15.595486764099185, 'one': 10.284153831126924}, 'worker_parser': {'count': 0, 'kind': 'meter', 'five': 0.0, 'mean': 0.0, 'fifteen': 0.0, 'day': 0.0, 'one': 0.0}}
2017-04-12 07:48:08|INFO|{'vocabulary_collector': {'count': 78, 'kind': 'meter', 'five': 14.352692868217444, 'mean': 2.5997359543999257, 'fifteen': 15.172629843015033, 'day': 15.595486764099185, 'one': 10.284153831126924}, 'worker_parser': {'count': 0, 'kind': 'meter', 'five': 0.0, 'mean': 0.0, 'fifteen': 0.0, 'day': 0.0, 'one': 0.0}}
2017-04-12 07:48:11|INFO|Begin build data index
2017-04-12 07:48:11|ERROR|vocabulary_collector retry 0 time, Exception: Resource temporarily unavailable
2017-04-12 07:48:11|INFO|start sentence producer VentilatorProcess
2017-04-12 07:48:11|INFO|Counting words in ./data/train_corpus/small.txt
2017-04-12 07:48:11|ERROR|worker_parser retry 0 time, Exception: Resource temporarily unavailable
2017-04-12 07:48:12|ERROR|vocabulary_collector retry 1 time, Exception: Resource temporarily unavailable
2017-04-12 07:48:13|ERROR|vocabulary_collector retry 2 time, Exception: Resource temporarily unavailable
2017-04-12 07:48:14|ERROR|vocabulary_collector retry 3 time, Exception: Resource temporarily unavailable
2017-04-12 07:48:14|ERROR|worker_parser retry 0 time, Exception: Resource temporarily unavailable
2017-04-12 07:48:15|ERROR|vocabulary_collector retry 0 time, Exception: Resource temporarily unavailable
2017-04-12 07:48:15|ERROR|worker_parser retry 1 time, Exception: Resource temporarily unavailable
2017-04-12 07:48:16|ERROR|vocabulary_collector retry 1 time, Exception: Resource temporarily unavailable
2017-04-12 07:48:16|ERROR|worker_parser retry 2 time, Exception: Resource temporarily unavailable
2017-04-12 07:48:17|ERROR|vocabulary_collector retry 2 time, Exception: Resource temporarily unavailable
2017-04-12 07:48:17|ERROR|worker_parser retry 3 time, Exception: Resource temporarily unavailable
2017-04-12 07:48:18|ERROR|vocabulary_collector retry 3 time, Exception: Resource temporarily unavailable
2017-04-12 07:48:18|ERROR|worker_parser retry 4 time, Exception: Resource temporarily unavailable
2017-04-12 07:48:19|ERROR|vocabulary_collector retry 4 time, Exception: Resource temporarily unavailable
2017-04-12 07:48:19|ERROR|worker_parser retry 5 time, Exception: Resource temporarily unavailable
2017-04-12 07:48:20|ERROR|vocabulary_collector retry 5 time, Exception: Resource temporarily unavailable
2017-04-12 07:48:20|ERROR|worker_parser retry 6 time, Exception: Resource temporarily unavailable
2017-04-12 07:48:21|ERROR|vocabulary_collector retry 6 time, Exception: Resource temporarily unavailable
2017-04-12 07:48:21|ERROR|worker_parser retry 7 time, Exception: Resource temporarily unavailable
2017-04-12 07:48:22|ERROR|vocabulary_collector retry 7 time, Exception: Resource temporarily unavailable
2017-04-12 07:48:22|ERROR|worker_parser retry 8 time, Exception: Resource temporarily unavailable
2017-04-12 07:48:23|ERROR|vocabulary_collector retry 8 time, Exception: Resource temporarily unavailable
2017-04-12 07:48:23|ERROR|worker_parser failed to retry definitely: Resource temporarily unavailable
2017-04-12 07:48:23|ERROR|Resource temporarily unavailable
2017-04-12 07:48:24|ERROR|vocabulary_collector retry 9 time, Exception: Resource temporarily unavailable
2017-04-12 07:48:25|ERROR|vocabulary_collector retry 10 time, Exception: Resource temporarily unavailable
2017-04-12 07:48:26|ERROR|vocabulary_collector retry 11 time, Exception: Resource temporarily unavailable
2017-04-12 07:48:27|ERROR|vocabulary_collector retry 12 time, Exception: Resource temporarily unavailable
2017-04-12 07:48:28|ERROR|vocabulary_collector retry 13 time, Exception: Resource temporarily unavailable
2017-04-12 07:48:29|ERROR|vocabulary_collector retry 14 time, Exception: Resource temporarily unavailable
2017-04-12 07:48:30|ERROR|vocabulary_collector retry 15 time, Exception: Resource temporarily unavailable
2017-04-12 07:48:31|ERROR|vocabulary_collector retry 16 time, Exception: Resource temporarily unavailable
2017-04-12 07:48:32|ERROR|vocabulary_collector retry 17 time, Exception: Resource temporarily unavailable
2017-04-12 07:48:33|ERROR|vocabulary_collector retry 18 time, Exception: Resource temporarily unavailable
2017-04-12 07:48:34|ERROR|vocabulary_collector failed to retry definitely: Resource temporarily unavailable
2017-04-12 07:48:34|ERROR|Resource temporarily unavailable
2017-04-12 07:48:34|WARNING|Not saving /Users/keliz/PycharmProjects/MxWord2vec/data/data_index.pkl, already exists.
2017-04-12 07:48:34|INFO|Finish build data index
2017-04-12 07:48:34|INFO|Begin build negative data
2017-04-12 07:48:34|WARNING|Not saving /Users/keliz/PycharmProjects/MxWord2vec/data/negative_data.pkl, already exists.
2017-04-12 07:48:34|INFO|Finish build negative data
2017-04-12 07:57:29|INFO|Begin build vocabulary
2017-04-12 07:57:29|ERROR|vocabulary_collector retry 0 time, Exception: Resource temporarily unavailable
2017-04-12 07:57:29|INFO|start sentence producer VentilatorProcess
2017-04-12 07:57:29|INFO|Counting words in ./data/train_corpus/small.txt
2017-04-12 07:57:29|ERROR|worker_parser retry 0 time, Exception: Resource temporarily unavailable
2017-04-12 07:57:30|ERROR|vocabulary_collector retry 1 time, Exception: Resource temporarily unavailable
2017-04-12 07:57:31|ERROR|vocabulary_collector retry 2 time, Exception: Resource temporarily unavailable
2017-04-12 07:57:32|ERROR|vocabulary_collector retry 3 time, Exception: Resource temporarily unavailable
2017-04-12 07:57:32|ERROR|worker_parser retry 0 time, Exception: Resource temporarily unavailable
2017-04-12 07:57:33|ERROR|vocabulary_collector retry 0 time, Exception: Resource temporarily unavailable
2017-04-12 07:57:33|ERROR|worker_parser retry 1 time, Exception: Resource temporarily unavailable
2017-04-12 07:57:34|ERROR|vocabulary_collector retry 1 time, Exception: Resource temporarily unavailable
2017-04-12 07:57:34|ERROR|worker_parser retry 2 time, Exception: Resource temporarily unavailable
2017-04-12 07:57:35|ERROR|vocabulary_collector retry 2 time, Exception: Resource temporarily unavailable
2017-04-12 07:57:35|ERROR|worker_parser retry 3 time, Exception: Resource temporarily unavailable
2017-04-12 07:57:36|ERROR|vocabulary_collector retry 3 time, Exception: Resource temporarily unavailable
2017-04-12 07:57:36|ERROR|worker_parser retry 4 time, Exception: Resource temporarily unavailable
2017-04-12 07:57:37|ERROR|vocabulary_collector retry 4 time, Exception: Resource temporarily unavailable
2017-04-12 07:57:37|ERROR|worker_parser retry 5 time, Exception: Resource temporarily unavailable
2017-04-12 07:57:38|ERROR|vocabulary_collector retry 5 time, Exception: Resource temporarily unavailable
2017-04-12 07:57:38|ERROR|worker_parser retry 6 time, Exception: Resource temporarily unavailable
2017-04-12 07:57:39|ERROR|vocabulary_collector retry 6 time, Exception: Resource temporarily unavailable
2017-04-12 07:57:39|ERROR|worker_parser retry 7 time, Exception: Resource temporarily unavailable
2017-04-12 07:57:40|ERROR|vocabulary_collector retry 7 time, Exception: Resource temporarily unavailable
2017-04-12 07:57:40|ERROR|worker_parser retry 8 time, Exception: Resource temporarily unavailable
2017-04-12 07:57:41|ERROR|vocabulary_collector retry 8 time, Exception: Resource temporarily unavailable
2017-04-12 07:57:41|ERROR|worker_parser failed to retry definitely: Resource temporarily unavailable
2017-04-12 07:57:41|ERROR|Resource temporarily unavailable
2017-04-12 07:57:42|ERROR|vocabulary_collector retry 9 time, Exception: Resource temporarily unavailable
2017-04-12 07:57:43|ERROR|vocabulary_collector retry 10 time, Exception: Resource temporarily unavailable
2017-04-12 07:57:44|ERROR|vocabulary_collector retry 11 time, Exception: Resource temporarily unavailable
2017-04-12 07:57:45|ERROR|vocabulary_collector retry 12 time, Exception: Resource temporarily unavailable
2017-04-12 07:57:46|ERROR|vocabulary_collector retry 13 time, Exception: Resource temporarily unavailable
2017-04-12 07:57:47|ERROR|vocabulary_collector retry 14 time, Exception: Resource temporarily unavailable
2017-04-12 07:57:48|ERROR|vocabulary_collector retry 15 time, Exception: Resource temporarily unavailable
2017-04-12 07:57:49|ERROR|vocabulary_collector retry 16 time, Exception: Resource temporarily unavailable
2017-04-12 07:57:50|ERROR|vocabulary_collector retry 17 time, Exception: Resource temporarily unavailable
2017-04-12 07:57:51|ERROR|vocabulary_collector retry 18 time, Exception: Resource temporarily unavailable
2017-04-12 07:57:52|ERROR|vocabulary_collector failed to retry definitely: Resource temporarily unavailable
2017-04-12 07:57:52|ERROR|Resource temporarily unavailable
2017-04-12 07:57:52|INFO|Finish counting. 290 unique words, a total of 515 words in all files.
2017-04-12 07:57:52|WARNING|Not saving /Users/keliz/PycharmProjects/MxWord2vec/data/vocab.pkl, already exists.
2017-04-12 07:57:52|INFO|terminated process VentilatorProcess
2017-04-12 07:57:52|INFO|terminated process WorkerProcess_0
2017-04-12 07:57:59|INFO|{'vocabulary_collector': {'count': 78, 'kind': 'meter', 'five': 14.352692868217444, 'mean': 2.599902763824411, 'fifteen': 15.172629843015033, 'day': 15.595486764099185, 'one': 10.284153831126924}, 'worker_parser': {'count': 0, 'kind': 'meter', 'five': 0.0, 'mean': 0.0, 'fifteen': 0.0, 'day': 0.0, 'one': 0.0}}
2017-04-12 07:57:59|INFO|{'vocabulary_collector': {'count': 78, 'kind': 'meter', 'five': 14.352692868217444, 'mean': 2.599889251340332, 'fifteen': 15.172629843015033, 'day': 15.595486764099185, 'one': 10.284153831126924}, 'worker_parser': {'count': 0, 'kind': 'meter', 'five': 0.0, 'mean': 0.0, 'fifteen': 0.0, 'day': 0.0, 'one': 0.0}}
2017-04-12 07:57:59|INFO|{'vocabulary_collector': {'count': 78, 'kind': 'meter', 'five': 14.352692868217444, 'mean': 2.599887763735989, 'fifteen': 15.172629843015033, 'day': 15.595486764099185, 'one': 10.284153831126924}, 'worker_parser': {'count': 0, 'kind': 'meter', 'five': 0.0, 'mean': 0.0, 'fifteen': 0.0, 'day': 0.0, 'one': 0.0}}
2017-04-12 07:58:02|INFO|Begin build data index
2017-04-12 07:58:02|ERROR|vocabulary_collector retry 0 time, Exception: Resource temporarily unavailable
2017-04-12 07:58:02|INFO|start sentence producer VentilatorProcess
2017-04-12 07:58:02|INFO|Counting words in ./data/train_corpus/small.txt
2017-04-12 07:58:02|ERROR|worker_parser retry 0 time, Exception: Resource temporarily unavailable
2017-04-12 07:58:03|ERROR|vocabulary_collector retry 1 time, Exception: Resource temporarily unavailable
2017-04-12 07:58:04|ERROR|vocabulary_collector retry 2 time, Exception: Resource temporarily unavailable
2017-04-12 07:58:05|ERROR|vocabulary_collector retry 3 time, Exception: Resource temporarily unavailable
2017-04-12 07:58:05|ERROR|worker_parser retry 0 time, Exception: Resource temporarily unavailable
2017-04-12 07:58:06|ERROR|vocabulary_collector retry 0 time, Exception: Resource temporarily unavailable
2017-04-12 07:58:06|ERROR|worker_parser retry 1 time, Exception: Resource temporarily unavailable
2017-04-12 07:58:07|ERROR|vocabulary_collector retry 1 time, Exception: Resource temporarily unavailable
2017-04-12 07:58:07|ERROR|worker_parser retry 2 time, Exception: Resource temporarily unavailable
2017-04-12 07:58:08|ERROR|vocabulary_collector retry 2 time, Exception: Resource temporarily unavailable
2017-04-12 07:58:08|ERROR|worker_parser retry 3 time, Exception: Resource temporarily unavailable
2017-04-12 07:58:09|ERROR|vocabulary_collector retry 3 time, Exception: Resource temporarily unavailable
2017-04-12 07:58:09|ERROR|worker_parser retry 4 time, Exception: Resource temporarily unavailable
2017-04-12 07:58:10|ERROR|vocabulary_collector retry 4 time, Exception: Resource temporarily unavailable
2017-04-12 07:58:10|ERROR|worker_parser retry 5 time, Exception: Resource temporarily unavailable
2017-04-12 07:58:11|ERROR|vocabulary_collector retry 5 time, Exception: Resource temporarily unavailable
2017-04-12 07:58:12|ERROR|worker_parser retry 6 time, Exception: Resource temporarily unavailable
2017-04-12 07:58:12|ERROR|vocabulary_collector retry 6 time, Exception: Resource temporarily unavailable
2017-04-12 07:58:13|ERROR|worker_parser retry 7 time, Exception: Resource temporarily unavailable
2017-04-12 07:58:13|ERROR|vocabulary_collector retry 7 time, Exception: Resource temporarily unavailable
2017-04-12 07:58:14|ERROR|worker_parser retry 8 time, Exception: Resource temporarily unavailable
2017-04-12 07:58:14|ERROR|vocabulary_collector retry 8 time, Exception: Resource temporarily unavailable
2017-04-12 07:58:15|ERROR|worker_parser failed to retry definitely: Resource temporarily unavailable
2017-04-12 07:58:15|ERROR|Resource temporarily unavailable
2017-04-12 07:58:15|ERROR|vocabulary_collector retry 9 time, Exception: Resource temporarily unavailable
2017-04-12 07:58:16|ERROR|vocabulary_collector retry 10 time, Exception: Resource temporarily unavailable
2017-04-12 07:58:17|ERROR|vocabulary_collector retry 11 time, Exception: Resource temporarily unavailable
2017-04-12 07:58:18|ERROR|vocabulary_collector retry 12 time, Exception: Resource temporarily unavailable
2017-04-12 07:58:19|ERROR|vocabulary_collector retry 13 time, Exception: Resource temporarily unavailable
2017-04-12 07:58:20|ERROR|vocabulary_collector retry 14 time, Exception: Resource temporarily unavailable
2017-04-12 07:58:21|ERROR|vocabulary_collector retry 15 time, Exception: Resource temporarily unavailable
2017-04-12 07:58:22|ERROR|vocabulary_collector retry 16 time, Exception: Resource temporarily unavailable
2017-04-12 07:58:23|ERROR|vocabulary_collector retry 17 time, Exception: Resource temporarily unavailable
2017-04-12 07:58:24|ERROR|vocabulary_collector retry 18 time, Exception: Resource temporarily unavailable
2017-04-12 07:58:25|ERROR|vocabulary_collector failed to retry definitely: Resource temporarily unavailable
2017-04-12 07:58:25|ERROR|Resource temporarily unavailable
2017-04-12 07:58:25|WARNING|Not saving /Users/keliz/PycharmProjects/MxWord2vec/data/data_index.pkl, already exists.
2017-04-12 07:58:25|INFO|Finish build data index
2017-04-12 07:58:25|INFO|Begin build negative data
2017-04-12 07:58:25|WARNING|Not saving /Users/keliz/PycharmProjects/MxWord2vec/data/negative_data.pkl, already exists.
2017-04-12 07:58:25|INFO|Finish build negative data
2017-04-12 07:58:25|INFO|terminated process VentilatorProcess
2017-04-12 07:58:25|INFO|terminated process WorkerProcess_0
2017-04-12 07:58:47|INFO|Begin build vocabulary
2017-04-12 07:58:47|ERROR|vocabulary_collector retry 0 time, Exception: Resource temporarily unavailable
2017-04-12 07:58:47|INFO|start sentence producer VentilatorProcess
2017-04-12 07:58:47|INFO|Counting words in ./data/train_corpus/small.txt
2017-04-12 07:58:47|ERROR|worker_parser retry 0 time, Exception: Resource temporarily unavailable
2017-04-12 07:58:48|ERROR|vocabulary_collector retry 1 time, Exception: Resource temporarily unavailable
2017-04-12 07:58:49|ERROR|vocabulary_collector retry 2 time, Exception: Resource temporarily unavailable
2017-04-12 07:58:50|ERROR|vocabulary_collector retry 3 time, Exception: Resource temporarily unavailable
2017-04-12 07:58:50|ERROR|worker_parser retry 0 time, Exception: Resource temporarily unavailable
2017-04-12 07:58:51|ERROR|vocabulary_collector retry 0 time, Exception: Resource temporarily unavailable
2017-04-12 07:58:51|ERROR|worker_parser retry 1 time, Exception: Resource temporarily unavailable
2017-04-12 07:58:52|ERROR|vocabulary_collector retry 1 time, Exception: Resource temporarily unavailable
2017-04-12 07:58:52|ERROR|worker_parser retry 2 time, Exception: Resource temporarily unavailable
2017-04-12 07:58:53|ERROR|vocabulary_collector retry 2 time, Exception: Resource temporarily unavailable
2017-04-12 07:58:53|ERROR|worker_parser retry 3 time, Exception: Resource temporarily unavailable
2017-04-12 07:58:54|ERROR|vocabulary_collector retry 3 time, Exception: Resource temporarily unavailable
2017-04-12 07:58:54|ERROR|worker_parser retry 4 time, Exception: Resource temporarily unavailable
2017-04-12 07:58:55|ERROR|vocabulary_collector retry 4 time, Exception: Resource temporarily unavailable
2017-04-12 07:58:55|ERROR|worker_parser retry 5 time, Exception: Resource temporarily unavailable
2017-04-12 07:58:56|ERROR|vocabulary_collector retry 5 time, Exception: Resource temporarily unavailable
2017-04-12 07:58:56|ERROR|worker_parser retry 6 time, Exception: Resource temporarily unavailable
2017-04-12 07:58:57|ERROR|vocabulary_collector retry 6 time, Exception: Resource temporarily unavailable
2017-04-12 07:58:57|ERROR|worker_parser retry 7 time, Exception: Resource temporarily unavailable
2017-04-12 07:58:58|ERROR|vocabulary_collector retry 7 time, Exception: Resource temporarily unavailable
2017-04-12 07:58:58|ERROR|worker_parser retry 8 time, Exception: Resource temporarily unavailable
2017-04-12 07:58:59|ERROR|vocabulary_collector retry 8 time, Exception: Resource temporarily unavailable
2017-04-12 07:58:59|ERROR|worker_parser failed to retry definitely: Resource temporarily unavailable
2017-04-12 07:58:59|ERROR|Resource temporarily unavailable
2017-04-12 07:59:00|ERROR|vocabulary_collector retry 9 time, Exception: Resource temporarily unavailable
2017-04-12 07:59:01|ERROR|vocabulary_collector retry 10 time, Exception: Resource temporarily unavailable
2017-04-12 07:59:02|ERROR|vocabulary_collector retry 11 time, Exception: Resource temporarily unavailable
2017-04-12 07:59:03|ERROR|vocabulary_collector retry 12 time, Exception: Resource temporarily unavailable
2017-04-12 07:59:04|ERROR|vocabulary_collector retry 13 time, Exception: Resource temporarily unavailable
2017-04-12 07:59:05|ERROR|vocabulary_collector retry 14 time, Exception: Resource temporarily unavailable
2017-04-12 07:59:06|ERROR|vocabulary_collector retry 15 time, Exception: Resource temporarily unavailable
2017-04-12 07:59:07|ERROR|vocabulary_collector retry 16 time, Exception: Resource temporarily unavailable
2017-04-12 07:59:08|ERROR|vocabulary_collector retry 17 time, Exception: Resource temporarily unavailable
2017-04-12 07:59:09|ERROR|vocabulary_collector retry 18 time, Exception: Resource temporarily unavailable
2017-04-12 07:59:10|ERROR|vocabulary_collector failed to retry definitely: Resource temporarily unavailable
2017-04-12 07:59:10|ERROR|Resource temporarily unavailable
2017-04-12 07:59:10|INFO|Finish counting. 290 unique words, a total of 515 words in all files.
2017-04-12 07:59:10|INFO|Overwriting data/vocab.pkl.
2017-04-12 07:59:10|INFO|terminated process VentilatorProcess
2017-04-12 07:59:10|INFO|terminated process WorkerProcess_0
2017-04-12 07:59:17|INFO|{'vocabulary_collector': {'count': 78, 'kind': 'meter', 'five': 14.352692868217444, 'mean': 2.599970101064553, 'fifteen': 15.172629843015033, 'day': 15.595486764099185, 'one': 10.284153831126924}, 'worker_parser': {'count': 0, 'kind': 'meter', 'five': 0.0, 'mean': 0.0, 'fifteen': 0.0, 'day': 0.0, 'one': 0.0}}
2017-04-12 07:59:17|INFO|{'vocabulary_collector': {'count': 78, 'kind': 'meter', 'five': 14.352692868217444, 'mean': 2.5999651627440103, 'fifteen': 15.172629843015033, 'day': 15.595486764099185, 'one': 10.284153831126924}, 'worker_parser': {'count': 0, 'kind': 'meter', 'five': 0.0, 'mean': 0.0, 'fifteen': 0.0, 'day': 0.0, 'one': 0.0}}
2017-04-12 07:59:17|INFO|{'vocabulary_collector': {'count': 78, 'kind': 'meter', 'five': 14.352692868217444, 'mean': 2.599921235245476, 'fifteen': 15.172629843015033, 'day': 15.595486764099185, 'one': 10.284153831126924}, 'worker_parser': {'count': 0, 'kind': 'meter', 'five': 0.0, 'mean': 0.0, 'fifteen': 0.0, 'day': 0.0, 'one': 0.0}}
2017-04-12 07:59:20|INFO|Begin build data index
2017-04-12 07:59:20|ERROR|vocabulary_collector retry 0 time, Exception: Resource temporarily unavailable
2017-04-12 07:59:20|INFO|start sentence producer VentilatorProcess
2017-04-12 07:59:20|INFO|Counting words in ./data/train_corpus/small.txt
2017-04-12 07:59:20|ERROR|worker_parser retry 0 time, Exception: Resource temporarily unavailable
2017-04-12 07:59:21|ERROR|vocabulary_collector retry 1 time, Exception: Resource temporarily unavailable
2017-04-12 07:59:22|ERROR|vocabulary_collector retry 2 time, Exception: Resource temporarily unavailable
2017-04-12 07:59:23|ERROR|vocabulary_collector retry 3 time, Exception: Resource temporarily unavailable
2017-04-12 07:59:24|ERROR|worker_parser retry 0 time, Exception: Resource temporarily unavailable
2017-04-12 07:59:24|ERROR|vocabulary_collector retry 0 time, Exception: Resource temporarily unavailable
2017-04-12 07:59:25|ERROR|worker_parser retry 1 time, Exception: Resource temporarily unavailable
2017-04-12 07:59:25|ERROR|vocabulary_collector retry 1 time, Exception: Resource temporarily unavailable
2017-04-12 07:59:26|ERROR|worker_parser retry 2 time, Exception: Resource temporarily unavailable
2017-04-12 07:59:26|ERROR|vocabulary_collector retry 2 time, Exception: Resource temporarily unavailable
2017-04-12 07:59:27|ERROR|worker_parser retry 3 time, Exception: Resource temporarily unavailable
2017-04-12 07:59:27|ERROR|vocabulary_collector retry 3 time, Exception: Resource temporarily unavailable
2017-04-12 07:59:28|ERROR|worker_parser retry 4 time, Exception: Resource temporarily unavailable
2017-04-12 07:59:28|ERROR|vocabulary_collector retry 4 time, Exception: Resource temporarily unavailable
2017-04-12 07:59:29|ERROR|worker_parser retry 5 time, Exception: Resource temporarily unavailable
2017-04-12 07:59:29|ERROR|vocabulary_collector retry 5 time, Exception: Resource temporarily unavailable
2017-04-12 07:59:30|ERROR|worker_parser retry 6 time, Exception: Resource temporarily unavailable
2017-04-12 07:59:30|ERROR|vocabulary_collector retry 6 time, Exception: Resource temporarily unavailable
2017-04-12 07:59:31|ERROR|worker_parser retry 7 time, Exception: Resource temporarily unavailable
2017-04-12 07:59:31|ERROR|vocabulary_collector retry 7 time, Exception: Resource temporarily unavailable
2017-04-12 07:59:32|ERROR|worker_parser retry 8 time, Exception: Resource temporarily unavailable
2017-04-12 07:59:32|ERROR|vocabulary_collector retry 8 time, Exception: Resource temporarily unavailable
2017-04-12 07:59:33|ERROR|worker_parser failed to retry definitely: Resource temporarily unavailable
2017-04-12 07:59:33|ERROR|Resource temporarily unavailable
2017-04-12 07:59:33|ERROR|vocabulary_collector retry 9 time, Exception: Resource temporarily unavailable
2017-04-12 07:59:34|ERROR|vocabulary_collector retry 10 time, Exception: Resource temporarily unavailable
2017-04-12 07:59:35|ERROR|vocabulary_collector retry 11 time, Exception: Resource temporarily unavailable
2017-04-12 07:59:36|ERROR|vocabulary_collector retry 12 time, Exception: Resource temporarily unavailable
2017-04-12 07:59:37|ERROR|vocabulary_collector retry 13 time, Exception: Resource temporarily unavailable
2017-04-12 07:59:38|ERROR|vocabulary_collector retry 14 time, Exception: Resource temporarily unavailable
2017-04-12 07:59:39|ERROR|vocabulary_collector retry 15 time, Exception: Resource temporarily unavailable
2017-04-12 07:59:40|ERROR|vocabulary_collector retry 16 time, Exception: Resource temporarily unavailable
2017-04-12 07:59:41|ERROR|vocabulary_collector retry 17 time, Exception: Resource temporarily unavailable
2017-04-12 07:59:42|ERROR|vocabulary_collector retry 18 time, Exception: Resource temporarily unavailable
2017-04-12 07:59:43|ERROR|vocabulary_collector failed to retry definitely: Resource temporarily unavailable
2017-04-12 07:59:43|ERROR|Resource temporarily unavailable
2017-04-12 07:59:43|INFO|Overwriting data/data_index.pkl.
2017-04-12 07:59:43|INFO|Finish build data index
2017-04-12 07:59:43|INFO|Begin build negative data
2017-04-12 07:59:43|INFO|Overwriting data/negative_data.pkl.
2017-04-12 07:59:43|INFO|Finish build negative data
2017-04-12 07:59:43|INFO|terminated process VentilatorProcess
2017-04-12 07:59:43|INFO|terminated process WorkerProcess_0
